<?xml version="1.0" encoding="UTF-8"?>
<!-- Generated by org.testng.reporters.JUnitXMLReporter -->
<testsuite hostname="MacBook-Pro-mac" ignored="0" name="Default test" tests="3" failures="0" timestamp="2020-04-13T09:17:18 EEST" time="43.89" errors="0">
  <testcase name="ButtonsTest" time="11.155" classname="spontivlytests.UpdateScreenTest"/>
  <testcase name="ButtonsTest2" time="24.123" classname="spontivlytests.UpdateScreenTest"/>
  <testcase name="ButtonsTest4" time="8.583" classname="spontivlytests.UpdateScreenTest"/>
</testsuite> <!-- Default test -->
